<?xml version="1.0" encoding="UTF-8"?>
<!-- Generated by org.testng.reporters.JUnitXMLReporter -->
<testsuite ignored="2" hostname="JKTBLRLAP471" failures="0" tests="1" name="Test Facebook" time="8.344" errors="0" timestamp="2022-08-25T17:37:14 IST">
  <testcase classname="ExtentReports2.AnnotionswithExtentReports" name="TestFacebook" time="2.021"/>
  <testcase classname="ExtentReports2.AnnotionswithExtentReports" name="TestOrangeHrm" time="0.0">
    <ignored/>
  </testcase> <!-- TestOrangeHrm -->
  <testcase classname="ExtentReports2.AnnotionswithExtentReports" name="TestGoogle" time="0.0">
    <ignored/>
  </testcase> <!-- TestGoogle -->
</testsuite> <!-- Test Facebook -->
