<?xml version="1.0" encoding="UTF-8"?>
<!-- Generated by org.testng.reporters.JUnitXMLReporter -->
<testsuite ignored="2" hostname="JKTBLRLAP471" failures="0" tests="1" name="Test Google" time="12.464" errors="0" timestamp="2022-08-25T17:37:06 IST">
  <testcase classname="ExtentReports2.AnnotionswithExtentReports" name="TestGoogle" time="4.86"/>
  <testcase classname="ExtentReports2.AnnotionswithExtentReports" name="TestFacebook" time="0.0">
    <ignored/>
  </testcase> <!-- TestFacebook -->
  <testcase classname="ExtentReports2.AnnotionswithExtentReports" name="TestOrangeHrm" time="0.0">
    <ignored/>
  </testcase> <!-- TestOrangeHrm -->
</testsuite> <!-- Test Google -->
